Initial vector clock of p1 is [0 0]
[16:33:20.339] : p1 try to get the token.
[16:33:20.342] : p1 update its vector clock to [1 0]
[16:33:20.347] : p1 send REQUEST message: {Request p0 16:33:20.342 [1 0]} to coordinator.
[16:33:20.352] : p1 send PROGRAM message: {Program message p2 16:33:20.350 [1 0]} to p2.
[16:33:20.359] : p1 receive TOKEN message: {Token 16:33:20.357 [1 0]} from coordinator.
[16:33:20.359] : p1 gets the token.
[16:33:20.364] : p1 enters the critical section at 16:33:20.364.
[16:33:50.393] : p1 exits the critical section at 16:33:20.364and releases the token.
[16:33:50.455] : p1 send TOKEN message: {Token coordinator 16:33:50.453 [1 0]} to coordinator.
[16:33:58.515] : p1 try to get the token.
[16:33:58.519] : p1 update its vector clock to [2 0]
[16:33:58.522] : p1 send REQUEST message: {Request p0 16:33:58.519 [2 0]} to coordinator.
[16:33:58.525] : p1 send PROGRAM message: {Program message p2 16:33:58.524 [2 0]} to p2.
[16:33:58.529] : p1 receive TOKEN message: {Token 16:33:58.528 [2 0]} from coordinator.
[16:33:58.529] : p1 gets the token.
[16:33:58.533] : p1 enters the critical section at 16:33:58.533.
[16:34:01.039] : p1 receive PROGRAM message: {Program message 16:34:01.038 [2 1]} from p2 and update its vector clock to [2 1].
[16:34:28.561] : p1 exits the critical section at 16:33:58.533and releases the token.
[16:34:28.565] : p1 send TOKEN message: {Token coordinator 16:34:28.564 [2 1]} to coordinator.
